mode: count
github.com/PuerkitoBio/gocoro/coro.go:40.33,42.2 1 1
github.com/PuerkitoBio/gocoro/coro.go:86.37,91.2 1 17
github.com/PuerkitoBio/gocoro/coro.go:96.24,98.2 1 15
github.com/PuerkitoBio/gocoro/coro.go:103.40,108.2 4 2
github.com/PuerkitoBio/gocoro/coro.go:112.47,117.59 2 2
github.com/PuerkitoBio/gocoro/coro.go:120.2,121.25 2 2
github.com/PuerkitoBio/gocoro/coro.go:117.59,119.3 1 12
github.com/PuerkitoBio/gocoro/coro.go:121.25,125.3 1 0
github.com/PuerkitoBio/gocoro/coro.go:130.46,134.12 2 14
github.com/PuerkitoBio/gocoro/coro.go:134.12,136.16 2 14
github.com/PuerkitoBio/gocoro/coro.go:151.3,151.23 1 14
github.com/PuerkitoBio/gocoro/coro.go:136.16,137.36 1 9
github.com/PuerkitoBio/gocoro/coro.go:146.4,147.14 2 9
github.com/PuerkitoBio/gocoro/coro.go:137.36,138.34 1 2
github.com/PuerkitoBio/gocoro/coro.go:138.34,141.6 1 1
github.com/PuerkitoBio/gocoro/coro.go:141.7,143.6 1 1
github.com/PuerkitoBio/gocoro/coro.go:156.37,158.2 1 10
github.com/PuerkitoBio/gocoro/coro.go:161.70,162.18 1 71
github.com/PuerkitoBio/gocoro/coro.go:195.2,196.17 2 64
github.com/PuerkitoBio/gocoro/coro.go:163.2,164.17 1 64
github.com/PuerkitoBio/gocoro/coro.go:182.2,185.19 1 6
github.com/PuerkitoBio/gocoro/coro.go:188.3,188.18 1 6
github.com/PuerkitoBio/gocoro/coro.go:189.2,191.28 1 1
github.com/PuerkitoBio/gocoro/coro.go:164.17,170.4 4 14
github.com/PuerkitoBio/gocoro/coro.go:170.5,174.22 2 50
github.com/PuerkitoBio/gocoro/coro.go:174.22,178.5 1 3
github.com/PuerkitoBio/gocoro/coro.go:178.6,180.5 1 47
github.com/PuerkitoBio/gocoro/coro.go:185.19,187.4 1 5
github.com/PuerkitoBio/gocoro/coro.go:201.36,202.29 1 3
github.com/PuerkitoBio/gocoro/coro.go:205.2,205.15 1 2
github.com/PuerkitoBio/gocoro/coro.go:214.2,214.12 1 2
github.com/PuerkitoBio/gocoro/coro.go:202.29,204.3 1 1
github.com/PuerkitoBio/gocoro/coro.go:205.15,210.3 2 1
github.com/PuerkitoBio/gocoro/coro.go:210.4,213.3 1 1
github.com/PuerkitoBio/gocoro/coro.go:218.60,222.13 2 65
github.com/PuerkitoBio/gocoro/coro.go:226.2,226.20 1 65
github.com/PuerkitoBio/gocoro/coro.go:233.2,233.13 1 65
github.com/PuerkitoBio/gocoro/coro.go:241.2,241.12 1 9
github.com/PuerkitoBio/gocoro/coro.go:222.13,224.3 1 56
github.com/PuerkitoBio/gocoro/coro.go:226.20,230.3 1 61
github.com/PuerkitoBio/gocoro/coro.go:230.4,232.3 1 4
github.com/PuerkitoBio/gocoro/coro.go:233.13,235.27 1 56
github.com/PuerkitoBio/gocoro/coro.go:239.3,239.19 1 1
github.com/PuerkitoBio/gocoro/coro.go:235.27,237.4 1 50
